[2025-01-28 14:19:15] WARN: {}
    at D:\Progs\Diary\Server\node_modules\knex\lib\client.js:326:13
    at process.processImmediate (node:internal/timers:491:21)
From previous event:
    at Client_PG.acquireConnection (D:\Progs\Diary\Server\node_modules\knex\lib\client.js:325:13)
    at Runner.ensureConnection (D:\Progs\Diary\Server\node_modules\knex\lib\runner.js:227:24)
    at Runner.run (D:\Progs\Diary\Server\node_modules\knex\lib\runner.js:47:42)
    at Target.then (D:\Progs\Diary\Server\node_modules\knex\lib\interface.js:35:43)
    at exports.getAll (D:\Progs\Diary\Server\db\menu.js:10:6)
    at D:\Progs\Diary\Server\routes\menu.js:10:11
    at Layer.handle [as handle_request] (D:\Progs\Diary\Server\node_modules\express\lib\router\layer.js:95:5)
    at next (D:\Progs\Diary\Server\node_modules\express\lib\router\route.js:137:13)
    at Route.dispatch (D:\Progs\Diary\Server\node_modules\express\lib\router\route.js:112:3)
    at Layer.handle [as handle_request] (D:\Progs\Diary\Server\node_modules\express\lib\router\layer.js:95:5)
    at D:\Progs\Diary\Server\node_modules\express\lib\router\index.js:281:22
    at Function.process_params (D:\Progs\Diary\Server\node_modules\express\lib\router\index.js:335:12)
    at next (D:\Progs\Diary\Server\node_modules\express\lib\router\index.js:275:10)
    at Function.handle (D:\Progs\Diary\Server\node_modules\express\lib\router\index.js:174:3)
    at router (D:\Progs\Diary\Server\node_modules\express\lib\router\index.js:47:12)
    at Layer.handle [as handle_request] (D:\Progs\Diary\Server\node_modules\express\lib\router\layer.js:95:5)
    at trim_prefix (D:\Progs\Diary\Server\node_modules\express\lib\router\index.js:317:13)
    at D:\Progs\Diary\Server\node_modules\express\lib\router\index.js:284:7
[2025-01-28 14:19:19] WARN: {}
    at D:\Progs\Diary\Server\node_modules\knex\lib\client.js:326:13
    at process.processImmediate (node:internal/timers:491:21)
From previous event:
    at Client_PG.acquireConnection (D:\Progs\Diary\Server\node_modules\knex\lib\client.js:325:13)
    at Runner.ensureConnection (D:\Progs\Diary\Server\node_modules\knex\lib\runner.js:227:24)
    at Runner.run (D:\Progs\Diary\Server\node_modules\knex\lib\runner.js:47:42)
    at Target.then (D:\Progs\Diary\Server\node_modules\knex\lib\interface.js:35:43)
    at exports.getAll (D:\Progs\Diary\Server\db\menu.js:10:6)
    at D:\Progs\Diary\Server\routes\menu.js:10:11
    at Layer.handle [as handle_request] (D:\Progs\Diary\Server\node_modules\express\lib\router\layer.js:95:5)
    at next (D:\Progs\Diary\Server\node_modules\express\lib\router\route.js:137:13)
    at Route.dispatch (D:\Progs\Diary\Server\node_modules\express\lib\router\route.js:112:3)
    at Layer.handle [as handle_request] (D:\Progs\Diary\Server\node_modules\express\lib\router\layer.js:95:5)
    at D:\Progs\Diary\Server\node_modules\express\lib\router\index.js:281:22
    at Function.process_params (D:\Progs\Diary\Server\node_modules\express\lib\router\index.js:335:12)
    at next (D:\Progs\Diary\Server\node_modules\express\lib\router\index.js:275:10)
    at Function.handle (D:\Progs\Diary\Server\node_modules\express\lib\router\index.js:174:3)
    at router (D:\Progs\Diary\Server\node_modules\express\lib\router\index.js:47:12)
    at Layer.handle [as handle_request] (D:\Progs\Diary\Server\node_modules\express\lib\router\layer.js:95:5)
    at trim_prefix (D:\Progs\Diary\Server\node_modules\express\lib\router\index.js:317:13)
    at D:\Progs\Diary\Server\node_modules\express\lib\router\index.js:284:7
[2025-01-28 14:28:16] WARN: {}
    at D:\Progs\Diary\Server\node_modules\knex\lib\client.js:340:13
    at process.processImmediate (node:internal/timers:491:21)
    at process.callbackTrampoline (node:internal/async_hooks:130:17)
From previous event:
    at Client_PG.acquireConnection (D:\Progs\Diary\Server\node_modules\knex\lib\client.js:339:13)
    at Runner.ensureConnection (D:\Progs\Diary\Server\node_modules\knex\lib\runner.js:233:24)
    at Runner.run (D:\Progs\Diary\Server\node_modules\knex\lib\runner.js:47:42)
    at Target.then (D:\Progs\Diary\Server\node_modules\knex\lib\interface.js:39:43)
    at exports.getAll (D:\Progs\Diary\Server\db\menu.js:10:6)
    at D:\Progs\Diary\Server\routes\menu.js:10:11
    at Layer.handle [as handle_request] (D:\Progs\Diary\Server\node_modules\express\lib\router\layer.js:95:5)
    at next (D:\Progs\Diary\Server\node_modules\express\lib\router\route.js:149:13)
    at Route.dispatch (D:\Progs\Diary\Server\node_modules\express\lib\router\route.js:119:3)
    at Layer.handle [as handle_request] (D:\Progs\Diary\Server\node_modules\express\lib\router\layer.js:95:5)
    at D:\Progs\Diary\Server\node_modules\express\lib\router\index.js:284:15
    at Function.process_params (D:\Progs\Diary\Server\node_modules\express\lib\router\index.js:346:12)
    at next (D:\Progs\Diary\Server\node_modules\express\lib\router\index.js:280:10)
    at Function.handle (D:\Progs\Diary\Server\node_modules\express\lib\router\index.js:175:3)
    at router (D:\Progs\Diary\Server\node_modules\express\lib\router\index.js:47:12)
    at Layer.handle [as handle_request] (D:\Progs\Diary\Server\node_modules\express\lib\router\layer.js:95:5)
    at trim_prefix (D:\Progs\Diary\Server\node_modules\express\lib\router\index.js:328:13)
    at D:\Progs\Diary\Server\node_modules\express\lib\router\index.js:286:9
[2025-01-28 14:28:18] WARN: {}
    at D:\Progs\Diary\Server\node_modules\knex\lib\client.js:340:13
    at process.processImmediate (node:internal/timers:491:21)
    at process.callbackTrampoline (node:internal/async_hooks:130:17)
From previous event:
    at Client_PG.acquireConnection (D:\Progs\Diary\Server\node_modules\knex\lib\client.js:339:13)
    at Runner.ensureConnection (D:\Progs\Diary\Server\node_modules\knex\lib\runner.js:233:24)
    at Runner.run (D:\Progs\Diary\Server\node_modules\knex\lib\runner.js:47:42)
    at Target.then (D:\Progs\Diary\Server\node_modules\knex\lib\interface.js:39:43)
    at exports.getAll (D:\Progs\Diary\Server\db\menu.js:10:6)
    at D:\Progs\Diary\Server\routes\menu.js:10:11
    at Layer.handle [as handle_request] (D:\Progs\Diary\Server\node_modules\express\lib\router\layer.js:95:5)
    at next (D:\Progs\Diary\Server\node_modules\express\lib\router\route.js:149:13)
    at Route.dispatch (D:\Progs\Diary\Server\node_modules\express\lib\router\route.js:119:3)
    at Layer.handle [as handle_request] (D:\Progs\Diary\Server\node_modules\express\lib\router\layer.js:95:5)
    at D:\Progs\Diary\Server\node_modules\express\lib\router\index.js:284:15
    at Function.process_params (D:\Progs\Diary\Server\node_modules\express\lib\router\index.js:346:12)
    at next (D:\Progs\Diary\Server\node_modules\express\lib\router\index.js:280:10)
    at Function.handle (D:\Progs\Diary\Server\node_modules\express\lib\router\index.js:175:3)
    at router (D:\Progs\Diary\Server\node_modules\express\lib\router\index.js:47:12)
    at Layer.handle [as handle_request] (D:\Progs\Diary\Server\node_modules\express\lib\router\layer.js:95:5)
    at trim_prefix (D:\Progs\Diary\Server\node_modules\express\lib\router\index.js:328:13)
    at D:\Progs\Diary\Server\node_modules\express\lib\router\index.js:286:9
[2025-01-28 17:25:58] WARN: Error: The server does not support SSL connections
    at Socket.<anonymous> (D:\Progs\Diary\Server\node_modules\pg\lib\connection.js:76:37)
    at Object.onceWrapper (node:events:639:26)
    at Socket.emit (node:events:524:28)
    at addChunk (node:internal/streams/readable:561:12)
    at readableAddChunkPushByteMode (node:internal/streams/readable:512:3)
    at Readable.push (node:internal/streams/readable:392:5)
    at TCP.onStreamRead (node:internal/stream_base_commons:189:23)
[2025-01-28 17:34:07] WARN: Error: getaddrinfo ENOTFOUND pg-3968dc7f-archon1980-c7d7.g.aivencloud.com
    at GetAddrInfoReqWrap.onlookupall [as oncomplete] (node:dns:120:26)
[2025-01-28 17:35:07] WARN: Error: getaddrinfo ENOTFOUND pg-3968dc7f-archon1980-c7d7.g.aivencloud.com
    at GetAddrInfoReqWrap.onlookupall [as oncomplete] (node:dns:120:26)
[2025-01-28 17:36:46] WARN: error: no pg_hba.conf entry for host "178.204.185.50", user "avnadmin", database "diary_test", no encryption
    at Parser.parseErrorMessage (D:\Progs\Diary\Server\node_modules\pg-protocol\dist\parser.js:283:98)
    at Parser.handlePacket (D:\Progs\Diary\Server\node_modules\pg-protocol\dist\parser.js:122:29)
    at Parser.parse (D:\Progs\Diary\Server\node_modules\pg-protocol\dist\parser.js:35:38)
    at Socket.<anonymous> (D:\Progs\Diary\Server\node_modules\pg-protocol\dist\index.js:11:42)
    at Socket.emit (node:events:524:28)
    at addChunk (node:internal/streams/readable:561:12)
    at readableAddChunkPushByteMode (node:internal/streams/readable:512:3)
    at Readable.push (node:internal/streams/readable:392:5)
    at TCP.onStreamRead (node:internal/stream_base_commons:189:23)
[2025-01-28 17:40:15] WARN: Error: SASL: SCRAM-SERVER-FIRST-MESSAGE: client password must be a string
    at Object.continueSession (D:\Progs\Diary\Server\node_modules\pg\lib\crypto\sasl.js:24:11)
    at Client._handleAuthSASLContinue (D:\Progs\Diary\Server\node_modules\pg\lib\client.js:271:18)
    at Connection.emit (node:events:524:28)
    at D:\Progs\Diary\Server\node_modules\pg\lib\connection.js:116:12
    at Parser.parse (D:\Progs\Diary\Server\node_modules\pg-protocol\dist\parser.js:36:17)
    at Socket.<anonymous> (D:\Progs\Diary\Server\node_modules\pg-protocol\dist\index.js:11:42)
    at Socket.emit (node:events:524:28)
    at addChunk (node:internal/streams/readable:561:12)
    at readableAddChunkPushByteMode (node:internal/streams/readable:512:3)
    at Readable.push (node:internal/streams/readable:392:5)
[2025-01-28 17:43:13] WARN: Error: SASL: SCRAM-SERVER-FIRST-MESSAGE: client password must be a string
    at Object.continueSession (D:\Progs\Diary\Server\node_modules\pg\lib\crypto\sasl.js:24:11)
    at Client._handleAuthSASLContinue (D:\Progs\Diary\Server\node_modules\pg\lib\client.js:271:18)
    at Connection.emit (node:events:524:28)
    at D:\Progs\Diary\Server\node_modules\pg\lib\connection.js:116:12
    at Parser.parse (D:\Progs\Diary\Server\node_modules\pg-protocol\dist\parser.js:36:17)
    at Socket.<anonymous> (D:\Progs\Diary\Server\node_modules\pg-protocol\dist\index.js:11:42)
    at Socket.emit (node:events:524:28)
    at addChunk (node:internal/streams/readable:561:12)
    at readableAddChunkPushByteMode (node:internal/streams/readable:512:3)
    at Readable.push (node:internal/streams/readable:392:5)
[2025-01-28 17:45:08] WARN: Error: SASL: SCRAM-SERVER-FIRST-MESSAGE: client password must be a string
    at Object.continueSession (D:\Progs\Diary\Server\node_modules\pg\lib\crypto\sasl.js:24:11)
    at Client._handleAuthSASLContinue (D:\Progs\Diary\Server\node_modules\pg\lib\client.js:271:18)
    at Connection.emit (node:events:524:28)
    at D:\Progs\Diary\Server\node_modules\pg\lib\connection.js:116:12
    at Parser.parse (D:\Progs\Diary\Server\node_modules\pg-protocol\dist\parser.js:36:17)
    at Socket.<anonymous> (D:\Progs\Diary\Server\node_modules\pg-protocol\dist\index.js:11:42)
    at Socket.emit (node:events:524:28)
    at addChunk (node:internal/streams/readable:561:12)
    at readableAddChunkPushByteMode (node:internal/streams/readable:512:3)
    at Readable.push (node:internal/streams/readable:392:5)
[2025-01-28 17:47:22] WARN: Error: getaddrinfo ENOTFOUND base
    at GetAddrInfoReqWrap.onlookupall [as oncomplete] (node:dns:120:26)
[2025-01-28 17:54:18] WARN: Error: self-signed certificate in certificate chain
    at TLSSocket.onConnectSecure (node:_tls_wrap:1679:34)
    at TLSSocket.emit (node:events:524:28)
    at TLSSocket._finishInit (node:_tls_wrap:1078:8)
    at ssl.onhandshakedone (node:_tls_wrap:864:12)
[2025-01-28 17:57:12] WARN: Error: getaddrinfo ENOTFOUND pg-3968dc7f-archon1980-c7d7.g.aivencloud.com
    at GetAddrInfoReqWrap.onlookupall [as oncomplete] (node:dns:120:26)
[2025-01-28 17:58:18] WARN: error: select * from "Menu" - relation "Menu" does not exist
    at Parser.parseErrorMessage (D:\Progs\Diary\Server\node_modules\pg-protocol\dist\parser.js:283:98)
    at Parser.handlePacket (D:\Progs\Diary\Server\node_modules\pg-protocol\dist\parser.js:122:29)
    at Parser.parse (D:\Progs\Diary\Server\node_modules\pg-protocol\dist\parser.js:35:38)
    at TLSSocket.<anonymous> (D:\Progs\Diary\Server\node_modules\pg-protocol\dist\index.js:11:42)
    at TLSSocket.emit (node:events:524:28)
    at addChunk (node:internal/streams/readable:561:12)
    at readableAddChunkPushByteMode (node:internal/streams/readable:512:3)
    at Readable.push (node:internal/streams/readable:392:5)
    at TLSWrap.onStreamRead (node:internal/stream_base_commons:189:23)
[2025-01-28 17:59:25] WARN: Error: getaddrinfo ENOTFOUND pg-3968dc7f-archon1980-c7d7.g.aivencloud.com
    at GetAddrInfoReqWrap.onlookupall [as oncomplete] (node:dns:120:26)
[2025-01-28 18:00:03] WARN: Error: getaddrinfo ENOTFOUND pg-3968dc7f-archon1980-c7d7.g.aivencloud.com
    at GetAddrInfoReqWrap.onlookupall [as oncomplete] (node:dns:120:26)
[2025-01-28 18:03:40] WARN: Error: self-signed certificate in certificate chain
    at TLSSocket.onConnectSecure (node:_tls_wrap:1679:34)
    at TLSSocket.emit (node:events:524:28)
    at TLSSocket._finishInit (node:_tls_wrap:1078:8)
    at ssl.onhandshakedone (node:_tls_wrap:864:12)
[2025-01-28 18:13:46] WARN: error: no pg_hba.conf entry for host "178.204.185.50", user "avnadmin", database "defaultdb", no encryption
    at Parser.parseErrorMessage (D:\Progs\Diary\Server\node_modules\pg-protocol\dist\parser.js:283:98)
    at Parser.handlePacket (D:\Progs\Diary\Server\node_modules\pg-protocol\dist\parser.js:122:29)
    at Parser.parse (D:\Progs\Diary\Server\node_modules\pg-protocol\dist\parser.js:35:38)
    at Socket.<anonymous> (D:\Progs\Diary\Server\node_modules\pg-protocol\dist\index.js:11:42)
    at Socket.emit (node:events:524:28)
    at addChunk (node:internal/streams/readable:561:12)
    at readableAddChunkPushByteMode (node:internal/streams/readable:512:3)
    at Readable.push (node:internal/streams/readable:392:5)
    at TCP.onStreamRead (node:internal/stream_base_commons:189:23)
[2025-01-28 18:17:45] WARN: error: select * from "Menu" - relation "Menu" does not exist
    at Parser.parseErrorMessage (D:\Progs\Diary\Server\node_modules\pg-protocol\dist\parser.js:283:98)
    at Parser.handlePacket (D:\Progs\Diary\Server\node_modules\pg-protocol\dist\parser.js:122:29)
    at Parser.parse (D:\Progs\Diary\Server\node_modules\pg-protocol\dist\parser.js:35:38)
    at TLSSocket.<anonymous> (D:\Progs\Diary\Server\node_modules\pg-protocol\dist\index.js:11:42)
    at TLSSocket.emit (node:events:524:28)
    at addChunk (node:internal/streams/readable:561:12)
    at readableAddChunkPushByteMode (node:internal/streams/readable:512:3)
    at Readable.push (node:internal/streams/readable:392:5)
    at TLSWrap.onStreamRead (node:internal/stream_base_commons:189:23)
[2025-01-28 18:18:53] WARN: error: database "dairy" does not exist
    at Parser.parseErrorMessage (D:\Progs\Diary\Server\node_modules\pg-protocol\dist\parser.js:283:98)
    at Parser.handlePacket (D:\Progs\Diary\Server\node_modules\pg-protocol\dist\parser.js:122:29)
    at Parser.parse (D:\Progs\Diary\Server\node_modules\pg-protocol\dist\parser.js:35:38)
    at TLSSocket.<anonymous> (D:\Progs\Diary\Server\node_modules\pg-protocol\dist\index.js:11:42)
    at TLSSocket.emit (node:events:524:28)
    at addChunk (node:internal/streams/readable:561:12)
    at readableAddChunkPushByteMode (node:internal/streams/readable:512:3)
    at Readable.push (node:internal/streams/readable:392:5)
    at TLSWrap.onStreamRead (node:internal/stream_base_commons:189:23)
[2025-01-28 18:20:13] WARN: error: select * from "Menu" - relation "Menu" does not exist
    at Parser.parseErrorMessage (D:\Progs\Diary\Server\node_modules\pg-protocol\dist\parser.js:283:98)
    at Parser.handlePacket (D:\Progs\Diary\Server\node_modules\pg-protocol\dist\parser.js:122:29)
    at Parser.parse (D:\Progs\Diary\Server\node_modules\pg-protocol\dist\parser.js:35:38)
    at TLSSocket.<anonymous> (D:\Progs\Diary\Server\node_modules\pg-protocol\dist\index.js:11:42)
    at TLSSocket.emit (node:events:524:28)
    at addChunk (node:internal/streams/readable:561:12)
    at readableAddChunkPushByteMode (node:internal/streams/readable:512:3)
    at Readable.push (node:internal/streams/readable:392:5)
    at TLSWrap.onStreamRead (node:internal/stream_base_commons:189:23)
[2025-01-28 18:21:25] WARN: error: select * from "Menu" - relation "Menu" does not exist
    at Parser.parseErrorMessage (D:\Progs\Diary\Server\node_modules\pg-protocol\dist\parser.js:283:98)
    at Parser.handlePacket (D:\Progs\Diary\Server\node_modules\pg-protocol\dist\parser.js:122:29)
    at Parser.parse (D:\Progs\Diary\Server\node_modules\pg-protocol\dist\parser.js:35:38)
    at TLSSocket.<anonymous> (D:\Progs\Diary\Server\node_modules\pg-protocol\dist\index.js:11:42)
    at TLSSocket.emit (node:events:524:28)
    at addChunk (node:internal/streams/readable:561:12)
    at readableAddChunkPushByteMode (node:internal/streams/readable:512:3)
    at Readable.push (node:internal/streams/readable:392:5)
    at TLSWrap.onStreamRead (node:internal/stream_base_commons:189:23)
[2025-01-28 18:22:30] WARN: Error: getaddrinfo ENOTFOUND base
    at GetAddrInfoReqWrap.onlookupall [as oncomplete] (node:dns:120:26)
[2025-01-28 18:23:20] WARN: Error: getaddrinfo ENOTFOUND base
    at GetAddrInfoReqWrap.onlookupall [as oncomplete] (node:dns:120:26)
[2025-01-28 18:24:28] WARN: Error: getaddrinfo ENOTFOUND base
    at GetAddrInfoReqWrap.onlookupall [as oncomplete] (node:dns:120:26)
[2025-01-28 18:27:00] WARN: Error: getaddrinfo ENOTFOUND base
    at GetAddrInfoReqWrap.onlookupall [as oncomplete] (node:dns:120:26)
[2025-01-28 18:31:24] WARN: Error: self-signed certificate in certificate chain
    at TLSSocket.onConnectSecure (node:_tls_wrap:1679:34)
    at TLSSocket.emit (node:events:524:28)
    at TLSSocket._finishInit (node:_tls_wrap:1078:8)
    at ssl.onhandshakedone (node:_tls_wrap:864:12)
[2025-01-28 18:31:58] WARN: Error: self-signed certificate in certificate chain
    at TLSSocket.onConnectSecure (node:_tls_wrap:1679:34)
    at TLSSocket.emit (node:events:524:28)
    at TLSSocket._finishInit (node:_tls_wrap:1078:8)
    at ssl.onhandshakedone (node:_tls_wrap:864:12)
[2025-01-28 18:32:54] WARN: error: select * from "Menu" - relation "Menu" does not exist
    at Parser.parseErrorMessage (D:\Progs\Diary\Server\node_modules\pg-protocol\dist\parser.js:283:98)
    at Parser.handlePacket (D:\Progs\Diary\Server\node_modules\pg-protocol\dist\parser.js:122:29)
    at Parser.parse (D:\Progs\Diary\Server\node_modules\pg-protocol\dist\parser.js:35:38)
    at TLSSocket.<anonymous> (D:\Progs\Diary\Server\node_modules\pg-protocol\dist\index.js:11:42)
    at TLSSocket.emit (node:events:524:28)
    at addChunk (node:internal/streams/readable:561:12)
    at readableAddChunkPushByteMode (node:internal/streams/readable:512:3)
    at Readable.push (node:internal/streams/readable:392:5)
    at TLSWrap.onStreamRead (node:internal/stream_base_commons:189:23)
[2025-01-28 18:40:25] WARN: Error: The server does not support SSL connections
    at Socket.<anonymous> (D:\Progs\Diary\Server\node_modules\pg\lib\connection.js:76:37)
    at Object.onceWrapper (node:events:639:26)
    at Socket.emit (node:events:524:28)
    at addChunk (node:internal/streams/readable:561:12)
    at readableAddChunkPushByteMode (node:internal/streams/readable:512:3)
    at Readable.push (node:internal/streams/readable:392:5)
    at TCP.onStreamRead (node:internal/stream_base_commons:189:23)
[2025-01-28 18:42:18] WARN: Error: The server does not support SSL connections
    at Socket.<anonymous> (D:\Progs\Diary\Server\node_modules\pg\lib\connection.js:76:37)
    at Object.onceWrapper (node:events:639:26)
    at Socket.emit (node:events:524:28)
    at addChunk (node:internal/streams/readable:561:12)
    at readableAddChunkPushByteMode (node:internal/streams/readable:512:3)
    at Readable.push (node:internal/streams/readable:392:5)
    at TCP.onStreamRead (node:internal/stream_base_commons:189:23)
[2025-01-29 18:49:00] WARN: Error: Undefined binding(s) detected when compiling UPDATE. Undefined column(s): [id] query: update "Menu" set "Name" = ?, "Proteins" = ?, "Fats" = ?, "Сarbohydrates" = ?, "Callories" = ?, "WeightType" = ? where "id" = ?
    at QueryCompiler_PG.toSQL (D:\Progs\Diary\Server\node_modules\knex\lib\query\querycompiler.js:112:13)
    at QueryBuilder_PostgreSQL.toSQL (D:\Progs\Diary\Server\node_modules\knex\lib\query\querybuilder.js:84:44)
    at ensureConnectionCallback (D:\Progs\Diary\Server\node_modules\knex\lib\execution\internal\ensure-connection-callback.js:4:30)
    at Runner.ensureConnection (D:\Progs\Diary\Server\node_modules\knex\lib\execution\runner.js:318:20)
    at process.processTicksAndRejections (node:internal/process/task_queues:105:5)
    at async Runner.run (D:\Progs\Diary\Server\node_modules\knex\lib\execution\runner.js:30:19)
[2025-01-29 18:53:05] WARN: Error: Undefined binding(s) detected when compiling UPDATE. Undefined column(s): [id] query: update "Menu" set "Id" = ?, "Name" = ?, "Proteins" = ?, "Fats" = ?, "Сarbohydrates" = ?, "Callories" = ?, "WeightType" = ?, "Comment" = ? where "id" = ?
    at QueryCompiler_PG.toSQL (D:\Progs\Diary\Server\node_modules\knex\lib\query\querycompiler.js:112:13)
    at QueryBuilder_PostgreSQL.toSQL (D:\Progs\Diary\Server\node_modules\knex\lib\query\querybuilder.js:84:44)
    at ensureConnectionCallback (D:\Progs\Diary\Server\node_modules\knex\lib\execution\internal\ensure-connection-callback.js:4:30)
    at Runner.ensureConnection (D:\Progs\Diary\Server\node_modules\knex\lib\execution\runner.js:318:20)
    at process.processTicksAndRejections (node:internal/process/task_queues:105:5)
    at async Runner.run (D:\Progs\Diary\Server\node_modules\knex\lib\execution\runner.js:30:19)
[2025-01-29 18:55:44] WARN: error: insert into "Menu" ("Callories", "Comment", "Fats", "Id", "Name", "Proteins", "WeightType", "Сarbohydrates") values ($1, $2, $3, $4, $5, $6, $7, $8) returning "Id" - неверный синтаксис для типа numeric: "1,6"
    at Parser.parseErrorMessage (D:\Progs\Diary\Server\node_modules\pg-protocol\dist\parser.js:283:98)
    at Parser.handlePacket (D:\Progs\Diary\Server\node_modules\pg-protocol\dist\parser.js:122:29)
    at Parser.parse (D:\Progs\Diary\Server\node_modules\pg-protocol\dist\parser.js:35:38)
    at Socket.<anonymous> (D:\Progs\Diary\Server\node_modules\pg-protocol\dist\index.js:11:42)
    at Socket.emit (node:events:524:28)
    at addChunk (node:internal/streams/readable:561:12)
    at readableAddChunkPushByteMode (node:internal/streams/readable:512:3)
    at Readable.push (node:internal/streams/readable:392:5)
    at TCP.onStreamRead (node:internal/stream_base_commons:189:23)
    at TCP.callbackTrampoline (node:internal/async_hooks:130:17)
[2025-01-29 19:01:36] WARN: error: insert into "Menu" ("Callories", "Comment", "Fats", "Id", "Name", "Proteins", "WeightType", "Сarbohydrates") values ($1, $2, $3, $4, $5, $6, $7, $8) returning "Id" - повторяющееся значение ключа нарушает ограничение уникальности "Menu_pkey"
    at Parser.parseErrorMessage (D:\Progs\Diary\Server\node_modules\pg-protocol\dist\parser.js:283:98)
    at Parser.handlePacket (D:\Progs\Diary\Server\node_modules\pg-protocol\dist\parser.js:122:29)
    at Parser.parse (D:\Progs\Diary\Server\node_modules\pg-protocol\dist\parser.js:35:38)
    at Socket.<anonymous> (D:\Progs\Diary\Server\node_modules\pg-protocol\dist\index.js:11:42)
    at Socket.emit (node:events:524:28)
    at addChunk (node:internal/streams/readable:561:12)
    at readableAddChunkPushByteMode (node:internal/streams/readable:512:3)
    at Readable.push (node:internal/streams/readable:392:5)
    at TCP.onStreamRead (node:internal/stream_base_commons:189:23)
    at TCP.callbackTrampoline (node:internal/async_hooks:130:17)
[2025-01-29 19:06:11] WARN: Error: Undefined binding(s) detected when compiling UPDATE. Undefined column(s): [id] query: update "Menu" set "Id" = ?, "Proteins" = ?, "Fats" = ?, "Сarbohydrates" = ?, "Callories" = ?, "Name" = ?, "WeightType" = ?, "Comment" = ? where "id" = ?
    at QueryCompiler_PG.toSQL (D:\Progs\Diary\Server\node_modules\knex\lib\query\querycompiler.js:112:13)
    at QueryBuilder_PostgreSQL.toSQL (D:\Progs\Diary\Server\node_modules\knex\lib\query\querybuilder.js:84:44)
    at ensureConnectionCallback (D:\Progs\Diary\Server\node_modules\knex\lib\execution\internal\ensure-connection-callback.js:4:30)
    at Runner.ensureConnection (D:\Progs\Diary\Server\node_modules\knex\lib\execution\runner.js:318:20)
    at process.processTicksAndRejections (node:internal/process/task_queues:105:5)
    at async Runner.run (D:\Progs\Diary\Server\node_modules\knex\lib\execution\runner.js:30:19)
[2025-01-29 19:07:32] WARN: Error: Undefined binding(s) detected when compiling UPDATE. Undefined column(s): [id] query: update "Menu" set "Id" = ?, "Proteins" = ?, "Fats" = ?, "Сarbohydrates" = ?, "Callories" = ?, "Name" = ?, "WeightType" = ?, "Comment" = ? where "id" = ?
    at QueryCompiler_PG.toSQL (D:\Progs\Diary\Server\node_modules\knex\lib\query\querycompiler.js:112:13)
    at QueryBuilder_PostgreSQL.toSQL (D:\Progs\Diary\Server\node_modules\knex\lib\query\querybuilder.js:84:44)
    at ensureConnectionCallback (D:\Progs\Diary\Server\node_modules\knex\lib\execution\internal\ensure-connection-callback.js:4:30)
    at Runner.ensureConnection (D:\Progs\Diary\Server\node_modules\knex\lib\execution\runner.js:318:20)
    at process.processTicksAndRejections (node:internal/process/task_queues:105:5)
    at async Runner.run (D:\Progs\Diary\Server\node_modules\knex\lib\execution\runner.js:30:19)
[2025-01-29 19:08:53] WARN: Error: Undefined binding(s) detected when compiling UPDATE. Undefined column(s): [Id] query: update "Menu" set "Id" = ?, "Proteins" = ?, "Fats" = ?, "Сarbohydrates" = ?, "Callories" = ?, "Name" = ?, "WeightType" = ?, "Comment" = ? where "Id" = ?
    at QueryCompiler_PG.toSQL (D:\Progs\Diary\Server\node_modules\knex\lib\query\querycompiler.js:112:13)
    at QueryBuilder_PostgreSQL.toSQL (D:\Progs\Diary\Server\node_modules\knex\lib\query\querybuilder.js:84:44)
    at ensureConnectionCallback (D:\Progs\Diary\Server\node_modules\knex\lib\execution\internal\ensure-connection-callback.js:4:30)
    at Runner.ensureConnection (D:\Progs\Diary\Server\node_modules\knex\lib\execution\runner.js:318:20)
    at process.processTicksAndRejections (node:internal/process/task_queues:105:5)
    at async Runner.run (D:\Progs\Diary\Server\node_modules\knex\lib\execution\runner.js:30:19)
[2025-07-30 14:23:21] WARN: ReferenceError: record is not defined
    at D:\Progs\Diary\Server\db\days.js:48:44
    at process.processTicksAndRejections (node:internal/process/task_queues:105:5)
[2025-07-30 14:41:38] WARN: TypeError: Cannot read properties of undefined (reading 'Id')
    at D:\Progs\Diary\Server\db\days.js:48:37
    at process.processTicksAndRejections (node:internal/process/task_queues:105:5)
[2025-09-25 14:26:17] WARN: TypeError: Cannot read properties of null (reading 'split')
    at rowToDiaryRecord (D:\Progs\Diary\Server\db\days.js:95:24)
    at D:\Progs\Diary\Server\db\days.js:54:27
    at process.processTicksAndRejections (node:internal/process/task_queues:105:5)
[2025-09-25 14:28:27] WARN: TypeError: Cannot read properties of null (reading 'split')
    at rowToDiaryRecord (D:\Progs\Diary\Server\db\days.js:95:24)
    at D:\Progs\Diary\Server\db\days.js:54:27
    at process.processTicksAndRejections (node:internal/process/task_queues:105:5)
[2025-09-25 16:03:42] WARN: error: insert into "DiaryRecord" ("DayId", "Insulin", "InsulinType", "RecType", "Time") values ($1, $2, $3, $4, $5) returning "Id" - значение NULL в столбце "DateTime" отношения "DiaryRecord" нарушает ограничение NOT NULL
    at Parser.parseErrorMessage (D:\Progs\Diary\Server\node_modules\pg-protocol\dist\parser.js:283:98)
    at Parser.handlePacket (D:\Progs\Diary\Server\node_modules\pg-protocol\dist\parser.js:122:29)
    at Parser.parse (D:\Progs\Diary\Server\node_modules\pg-protocol\dist\parser.js:35:38)
    at Socket.<anonymous> (D:\Progs\Diary\Server\node_modules\pg-protocol\dist\index.js:11:42)
    at Socket.emit (node:events:524:28)
    at addChunk (node:internal/streams/readable:561:12)
    at readableAddChunkPushByteMode (node:internal/streams/readable:512:3)
    at Readable.push (node:internal/streams/readable:392:5)
    at TCP.onStreamRead (node:internal/stream_base_commons:189:23)
[2025-09-25 16:05:20] WARN: error: update "DiaryRecord" set "Id" = $1, "DayId" = $2, "RecType" = $3, "Glucose" = $4, "Carbohydrates" = $5, "Insulin" = $6, "Comment" = $7, "InsulinType" = $8, "TesterType" = $9, "EatingType" = $10, "ParentId" = $11, "Time" = $12, "GlucoseStart" = $13, "GlucoseEnd" = $14, "CK" = $15, "ISF" = $16, "InsulinFact" = $17, "CKFact" = $18, "ActiveInsulin" = $19, "StartEat" = $20, "Pause" = $21, "Eating" = $22, "DiaryRecords" = $23 where "Id" = $24 - столбец "Eating" в таблице "DiaryRecord" не существует
    at Parser.parseErrorMessage (D:\Progs\Diary\Server\node_modules\pg-protocol\dist\parser.js:283:98)
    at Parser.handlePacket (D:\Progs\Diary\Server\node_modules\pg-protocol\dist\parser.js:122:29)
    at Parser.parse (D:\Progs\Diary\Server\node_modules\pg-protocol\dist\parser.js:35:38)
    at Socket.<anonymous> (D:\Progs\Diary\Server\node_modules\pg-protocol\dist\index.js:11:42)
    at Socket.emit (node:events:524:28)
    at addChunk (node:internal/streams/readable:561:12)
    at readableAddChunkPushByteMode (node:internal/streams/readable:512:3)
    at Readable.push (node:internal/streams/readable:392:5)
    at TCP.onStreamRead (node:internal/stream_base_commons:189:23)
[2025-09-26 16:22:35] WARN: error: 
  SELECT d."Id", d."DayDate", dr."Id11" as "RecId", dr."RecType", dr."Insulin", dr."InsulinType", dr."EatingType", dr."ParentId", dr."Time"
  FROM public."Days" d
  LEFT JOIN public."DiaryRecord" dr ON dr."DayId" = d."Id"
  WHERE "DayDate" < (SELECT "DayDate" FROM public."Days" WHERE "Id" = 482) 
    and "DayDate" > (SELECT "DayDate" FROM public."Days" WHERE "Id" = 482) - interval '4 days' 
  	and ((dr."EatingType" <> 4 and dr."EatingType" <> 5) or dr."RecType" = 2) and (dr."InsulinType" = 0 or dr."RecType" = 0)
  ORDER BY d."DayDate" DESC, dr."Time" ASC, dr."RecType" ASC
   - столбец dr.Id11 не существует
  SELECT d."Id", d."DayDate", dr."Id11" as "RecId", dr."RecType", dr."Insulin", dr."InsulinType", dr."EatingType", dr."ParentId", dr."Time"
  FROM public."Days" d
  LEFT JOIN public."DiaryRecord" dr ON dr."DayId" = d."Id"
  WHERE "DayDate" < (SELECT "DayDate" FROM public."Days" WHERE "Id" = 482) 
    and "DayDate" > (SELECT "DayDate" FROM public."Days" WHERE "Id" = 482) - interval '4 days' 
  	and ((dr."EatingType" <> 4 and dr."EatingType" <> 5) or dr."RecType" = 2) and (dr."InsulinType" = 0 or dr."RecType" = 0)
  ORDER BY d."DayDate" DESC, dr."Time" ASC, dr."RecType" ASC
   - столбец dr.Id11 не существует
    at Parser.parseErrorMessage (D:\Progs\Diary\Server\node_modules\pg-protocol\dist\parser.js:283:98)
    at Parser.handlePacket (D:\Progs\Diary\Server\node_modules\pg-protocol\dist\parser.js:122:29)
    at Parser.parse (D:\Progs\Diary\Server\node_modules\pg-protocol\dist\parser.js:35:38)
    at Socket.<anonymous> (D:\Progs\Diary\Server\node_modules\pg-protocol\dist\index.js:11:42)
    at Socket.emit (node:events:524:28)
    at addChunk (node:internal/streams/readable:561:12)
    at readableAddChunkPushByteMode (node:internal/streams/readable:512:3)
    at Readable.push (node:internal/streams/readable:392:5)
    at TCP.onStreamRead (node:internal/stream_base_commons:189:23)
[2025-09-26 18:07:33] WARN: TypeError: Cannot read properties of undefined (reading 'push')
    at D:\Progs\Diary\Server\db\days.js:172:34
    at process.processTicksAndRejections (node:internal/process/task_queues:105:5)
[2025-09-26 18:09:09] WARN: TypeError: Cannot read properties of undefined (reading 'Id')
    at D:\Progs\Diary\Server\db\days.js:161:39
    at process.processTicksAndRejections (node:internal/process/task_queues:105:5)
[2025-09-26 18:14:43] WARN: Error: Undefined binding(s) detected when compiling UPDATE. Undefined column(s): [Id] query: update "DiaryRecord" set "DayId" = ?, "RecType" = ?, "Glucose" = ?, "Carbohydrates" = ?, "Insulin" = ?, "Comment" = ?, "InsulinType" = ?, "TesterType" = ?, "EatingType" = ?, "ParentId" = ?, "Time" = ?, "GlucoseStart" = ?, "GlucoseEnd" = ?, "CK" = ?, "ISF" = ?, "InsulinFact" = ?, "CKFact" = ?, "ActiveInsulin" = ?, "StartEat" = ?, "Pause" = ? where "Id" = ?
    at QueryCompiler_PG.toSQL (D:\Progs\Diary\Server\node_modules\knex\lib\query\querycompiler.js:112:13)
    at QueryBuilder_PostgreSQL.toSQL (D:\Progs\Diary\Server\node_modules\knex\lib\query\querybuilder.js:84:44)
    at ensureConnectionCallback (D:\Progs\Diary\Server\node_modules\knex\lib\execution\internal\ensure-connection-callback.js:4:30)
    at Runner.ensureConnection (D:\Progs\Diary\Server\node_modules\knex\lib\execution\runner.js:318:20)
    at process.processTicksAndRejections (node:internal/process/task_queues:105:5)
    at async Runner.run (D:\Progs\Diary\Server\node_modules\knex\lib\execution\runner.js:30:19)
    at async exports.saveEating (D:\Progs\Diary\Server\db\days.js:80:3)
    at async D:\Progs\Diary\Server\routes\days.js:100:19
[2025-09-26 18:16:33] WARN: Error: Undefined binding(s) detected when compiling UPDATE. Undefined column(s): [Id] query: update "DiaryRecord" set "DayId" = ?, "RecType" = ?, "Glucose" = ?, "Carbohydrates" = ?, "Insulin" = ?, "Comment" = ?, "InsulinType" = ?, "TesterType" = ?, "EatingType" = ?, "ParentId" = ?, "Time" = ?, "GlucoseStart" = ?, "GlucoseEnd" = ?, "CK" = ?, "ISF" = ?, "InsulinFact" = ?, "CKFact" = ?, "ActiveInsulin" = ?, "StartEat" = ?, "Pause" = ? where "Id" = ?
    at QueryCompiler_PG.toSQL (D:\Progs\Diary\Server\node_modules\knex\lib\query\querycompiler.js:112:13)
    at QueryBuilder_PostgreSQL.toSQL (D:\Progs\Diary\Server\node_modules\knex\lib\query\querybuilder.js:84:44)
    at ensureConnectionCallback (D:\Progs\Diary\Server\node_modules\knex\lib\execution\internal\ensure-connection-callback.js:4:30)
    at Runner.ensureConnection (D:\Progs\Diary\Server\node_modules\knex\lib\execution\runner.js:318:20)
    at process.processTicksAndRejections (node:internal/process/task_queues:105:5)
    at async Runner.run (D:\Progs\Diary\Server\node_modules\knex\lib\execution\runner.js:30:19)
    at async exports.saveEating (D:\Progs\Diary\Server\db\days.js:80:3)
    at async D:\Progs\Diary\Server\routes\days.js:100:19
[2025-09-26 18:17:42] WARN: ReferenceError: getEating is not defined
    at exports.saveEating (D:\Progs\Diary\Server\db\days.js:81:21)
    at process.processTicksAndRejections (node:internal/process/task_queues:105:5)
    at async D:\Progs\Diary\Server\routes\days.js:99:19
[2025-09-26 18:18:58] WARN: Error: Expected 1 bindings, saw 2
    at replaceRawArrBindings (D:\Progs\Diary\Server\node_modules\knex\lib\formatter\rawFormatter.js:27:11)
    at Raw.toSQL (D:\Progs\Diary\Server\node_modules\knex\lib\raw.js:77:13)
    at ensureConnectionCallback (D:\Progs\Diary\Server\node_modules\knex\lib\execution\internal\ensure-connection-callback.js:4:30)
    at Runner.ensureConnection (D:\Progs\Diary\Server\node_modules\knex\lib\execution\runner.js:318:20)
    at process.processTicksAndRejections (node:internal/process/task_queues:105:5)
    at async Runner.run (D:\Progs\Diary\Server\node_modules\knex\lib\execution\runner.js:30:19)
    at async exports.getEating (D:\Progs\Diary\Server\db\days.js:98:13)
    at async exports.saveEating (D:\Progs\Diary\Server\db\days.js:81:21)
    at async D:\Progs\Diary\Server\routes\days.js:99:19
[2025-09-26 18:19:53] WARN: Error: Expected 1 bindings, saw 2
    at replaceRawArrBindings (D:\Progs\Diary\Server\node_modules\knex\lib\formatter\rawFormatter.js:27:11)
    at Raw.toSQL (D:\Progs\Diary\Server\node_modules\knex\lib\raw.js:77:13)
    at ensureConnectionCallback (D:\Progs\Diary\Server\node_modules\knex\lib\execution\internal\ensure-connection-callback.js:4:30)
    at Runner.ensureConnection (D:\Progs\Diary\Server\node_modules\knex\lib\execution\runner.js:318:20)
    at process.processTicksAndRejections (node:internal/process/task_queues:105:5)
    at async Runner.run (D:\Progs\Diary\Server\node_modules\knex\lib\execution\runner.js:30:19)
    at async exports.getEating (D:\Progs\Diary\Server\db\days.js:98:13)
    at async exports.saveEating (D:\Progs\Diary\Server\db\days.js:81:21)
    at async D:\Progs\Diary\Server\routes\days.js:99:19
[2025-09-29 18:09:06] WARN: error: insert into "Eating" ("DiaryRecordId", "EatName", "Fats", "MenuId", "Proteins", "Weight", "WeightType", "Сarbohydrates") values ($1, $2, $3, $4, $5, $6, $7, $8) - столбец "EatName" в таблице "Eating" не существует
    at Parser.parseErrorMessage (D:\Progs\Diary\Server\node_modules\pg-protocol\dist\parser.js:283:98)
    at Parser.handlePacket (D:\Progs\Diary\Server\node_modules\pg-protocol\dist\parser.js:122:29)
    at Parser.parse (D:\Progs\Diary\Server\node_modules\pg-protocol\dist\parser.js:35:38)
    at Socket.<anonymous> (D:\Progs\Diary\Server\node_modules\pg-protocol\dist\index.js:11:42)
    at Socket.emit (node:events:524:28)
    at addChunk (node:internal/streams/readable:561:12)
    at readableAddChunkPushByteMode (node:internal/streams/readable:512:3)
    at Readable.push (node:internal/streams/readable:392:5)
    at TCP.onStreamRead (node:internal/stream_base_commons:189:23)
[2025-09-29 18:14:15] WARN: error: insert into "Eating" ("DiaryRecordId", "Fats", "IsPutoff", "MenuId", "Proteins", "Weight", "Сarbohydrates") values ($1, $2, DEFAULT, $3, $4, $5, $6) - значение NULL в столбце "IsPutoff" отношения "Eating" нарушает ограничение NOT NULL
    at Parser.parseErrorMessage (D:\Progs\Diary\Server\node_modules\pg-protocol\dist\parser.js:283:98)
    at Parser.handlePacket (D:\Progs\Diary\Server\node_modules\pg-protocol\dist\parser.js:122:29)
    at Parser.parse (D:\Progs\Diary\Server\node_modules\pg-protocol\dist\parser.js:35:38)
    at Socket.<anonymous> (D:\Progs\Diary\Server\node_modules\pg-protocol\dist\index.js:11:42)
    at Socket.emit (node:events:524:28)
    at addChunk (node:internal/streams/readable:561:12)
    at readableAddChunkPushByteMode (node:internal/streams/readable:512:3)
    at Readable.push (node:internal/streams/readable:392:5)
    at TCP.onStreamRead (node:internal/stream_base_commons:189:23)
[2025-09-29 18:15:06] WARN: ReferenceError: query is not defined
    at recalculateCarbohydrates (D:\Progs\Diary\Server\db\days.js:208:28)
    at exports.newEatingItem (D:\Progs\Diary\Server\db\days.js:88:16)
    at process.processTicksAndRejections (node:internal/process/task_queues:105:5)
    at async D:\Progs\Diary\Server\routes\days.js:110:19
[2025-09-29 18:16:18] WARN: ReferenceError: query is not defined
    at recalculateCarbohydrates (D:\Progs\Diary\Server\db\days.js:208:28)
    at exports.newEatingItem (D:\Progs\Diary\Server\db\days.js:88:16)
    at process.processTicksAndRejections (node:internal/process/task_queues:105:5)
    at async D:\Progs\Diary\Server\routes\days.js:110:19
[2025-09-29 18:17:22] WARN: error: update "DiaryRecord" set "Сarbohydrates" = $1 where "Id" = $2 - столбец "Сarbohydrates" в таблице "DiaryRecord" не существует
    at Parser.parseErrorMessage (D:\Progs\Diary\Server\node_modules\pg-protocol\dist\parser.js:283:98)
    at Parser.handlePacket (D:\Progs\Diary\Server\node_modules\pg-protocol\dist\parser.js:122:29)
    at Parser.parse (D:\Progs\Diary\Server\node_modules\pg-protocol\dist\parser.js:35:38)
    at Socket.<anonymous> (D:\Progs\Diary\Server\node_modules\pg-protocol\dist\index.js:11:42)
    at Socket.emit (node:events:524:28)
    at addChunk (node:internal/streams/readable:561:12)
    at readableAddChunkPushByteMode (node:internal/streams/readable:512:3)
    at Readable.push (node:internal/streams/readable:392:5)
    at TCP.onStreamRead (node:internal/stream_base_commons:189:23)
[2025-09-29 18:20:48] WARN: ReferenceError: record is not defined
    at exports.saveEatingItem (D:\Progs\Diary\Server\db\days.js:93:35)
    at D:\Progs\Diary\Server\routes\days.js:120:33
    at Layer.handle [as handle_request] (D:\Progs\Diary\Server\node_modules\express\lib\router\layer.js:95:5)
    at next (D:\Progs\Diary\Server\node_modules\express\lib\router\route.js:149:13)
    at Route.dispatch (D:\Progs\Diary\Server\node_modules\express\lib\router\route.js:119:3)
    at Layer.handle [as handle_request] (D:\Progs\Diary\Server\node_modules\express\lib\router\layer.js:95:5)
    at D:\Progs\Diary\Server\node_modules\express\lib\router\index.js:284:15
    at Function.process_params (D:\Progs\Diary\Server\node_modules\express\lib\router\index.js:346:12)
    at next (D:\Progs\Diary\Server\node_modules\express\lib\router\index.js:280:10)
    at Function.handle (D:\Progs\Diary\Server\node_modules\express\lib\router\index.js:175:3)
[2025-09-29 19:47:26] WARN: error: insert into "DiaryRecord" ("ActiveInsulin", "CK", "CKFact", "Carbohydrates", "Comment", "DayId", "EatingType", "Glucose", "GlucoseEnd", "GlucoseStart", "ISF", "Insulin", "InsulinFact", "InsulinType", "ParentId", "Pause", "RecType", "StartEat", "TesterType", "Time") values (DEFAULT, DEFAULT, DEFAULT, DEFAULT, DEFAULT, $1, DEFAULT, $2, DEFAULT, DEFAULT, DEFAULT, DEFAULT, DEFAULT, DEFAULT, $3, DEFAULT, $4, DEFAULT, $5, $6) - значение NULL в столбце "DateTime" отношения "DiaryRecord" нарушает ограничение NOT NULL
    at Parser.parseErrorMessage (D:\Progs\Diary\Server\node_modules\pg-protocol\dist\parser.js:283:98)
    at Parser.handlePacket (D:\Progs\Diary\Server\node_modules\pg-protocol\dist\parser.js:122:29)
    at Parser.parse (D:\Progs\Diary\Server\node_modules\pg-protocol\dist\parser.js:35:38)
    at Socket.<anonymous> (D:\Progs\Diary\Server\node_modules\pg-protocol\dist\index.js:11:42)
    at Socket.emit (node:events:524:28)
    at addChunk (node:internal/streams/readable:561:12)
    at readableAddChunkPushByteMode (node:internal/streams/readable:512:3)
    at Readable.push (node:internal/streams/readable:392:5)
    at TCP.onStreamRead (node:internal/stream_base_commons:189:23)
    at TCP.callbackTrampoline (node:internal/async_hooks:130:17)
[2025-09-30 17:49:02] WARN: ReferenceError: Cannot access 'sums' before initialization
    at exports.getCKFact (D:\Progs\Diary\Server\db\calculations.js:58:33)
    at exports.newEndGlucoseTest (D:\Progs\Diary\Server\db\days.js:126:35)
    at process.processTicksAndRejections (node:internal/process/task_queues:105:5)
    at async D:\Progs\Diary\Server\routes\days.js:172:21
[2025-09-30 19:19:23] WARN: Error: Undefined binding(s) detected when compiling UPDATE. Undefined column(s): [Id] query: update "DiaryRecord" set "DayId" = ?, "RecType" = ?, "Glucose" = ?, "TesterType" = ?, "ParentId" = ?, "Time" = ? where "Id" = ?
    at QueryCompiler_PG.toSQL (D:\Progs\Diary\Server\node_modules\knex\lib\query\querycompiler.js:112:13)
    at QueryBuilder_PostgreSQL.toSQL (D:\Progs\Diary\Server\node_modules\knex\lib\query\querybuilder.js:84:44)
    at ensureConnectionCallback (D:\Progs\Diary\Server\node_modules\knex\lib\execution\internal\ensure-connection-callback.js:4:30)
    at Runner.ensureConnection (D:\Progs\Diary\Server\node_modules\knex\lib\execution\runner.js:318:20)
    at process.processTicksAndRejections (node:internal/process/task_queues:105:5)
    at async Runner.run (D:\Progs\Diary\Server\node_modules\knex\lib\execution\runner.js:30:19)
    at async exports.saveStartGlucoseTest (D:\Progs\Diary\Server\db\days.js:106:3)
    at async D:\Progs\Diary\Server\routes\days.js:157:21
